<?xml version="1.0" encoding="UTF-8"?>
<!-- Generated by org.testng.reporters.JUnitXMLReporter -->
<testsuite ignored="0" hostname="Bharani" failures="3" tests="4" name="Test" time="10.505" errors="0" timestamp="2025-09-15T10:51:28 MYT">
  <testcase classname="petstore.testcases.Usertests2" name="testCreateUser" time="5.822"/>
  <testcase classname="petstore.testcases.Usertests2" name="testGetUserByName" time="1.635">
    <failure type="java.lang.AssertionError" message="expected [200] but found [404]">
      <![CDATA[java.lang.AssertionError: expected [200] but found [404]
at petstore.testcases.Usertests2.testGetUserByName(Usertests2.java:65)
at java.base/java.util.ArrayList.forEach(ArrayList.java:1597)
... Removed 31 stack frames]]>
    </failure>
  </testcase> <!-- testGetUserByName -->
  <testcase classname="petstore.testcases.Usertests2" name="testUpdateUserbyName" time="0.01">
    <failure type="java.util.MissingResourceException" message="Can&amp;apos;t find resource for bundle java.util.PropertyResourceBundle, key put_url">
      <![CDATA[java.util.MissingResourceException: Can't find resource for bundle java.util.PropertyResourceBundle, key put_url
at java.base/java.util.ResourceBundle.getObject(ResourceBundle.java:566)
at java.base/java.util.ResourceBundle.getString(ResourceBundle.java:522)
at petstore.endpoints.Userendpoints2.updateUser(Userendpoints2.java:42)
at petstore.testcases.Usertests2.testUpdateUserbyName(Usertests2.java:80)
at java.base/java.util.ArrayList.forEach(ArrayList.java:1597)
... Removed 25 stack frames]]>
    </failure>
  </testcase> <!-- testUpdateUserbyName -->
  <testcase classname="petstore.testcases.Usertests2" name="testDeleteUserByName" time="1.588">
    <failure type="java.lang.AssertionError" message="expected [200] but found [404]">
      <![CDATA[java.lang.AssertionError: expected [200] but found [404]
at petstore.testcases.Usertests2.testDeleteUserByName(Usertests2.java:107)
at java.base/java.util.ArrayList.forEach(ArrayList.java:1597)
... Removed 31 stack frames]]>
    </failure>
  </testcase> <!-- testDeleteUserByName -->
</testsuite> <!-- Test -->
