<?xml version="1.0" encoding="UTF-8"?>
<!-- Generated by org.testng.reporters.JUnitXMLReporter -->
<testsuite ignored="0" hostname="Bharani" failures="0" tests="3" name="Test" time="11.174" errors="0" timestamp="2025-09-15T11:29:09 MYT">
  <testcase classname="petstore.testcases.Usertests2" name="testCreateUser" time="5.766"/>
  <testcase classname="petstore.testcases.Usertests2" name="testGetUserByName" time="1.28"/>
  <testcase classname="petstore.testcases.Usertests2" name="testUpdateUserbyName" time="3.03"/>
</testsuite> <!-- Test -->
