<?xml version="1.0" encoding="UTF-8"?>
<!-- Generated by org.testng.reporters.JUnitXMLReporter -->
<testsuite ignored="0" hostname="Bharani" failures="3" tests="21" name="Test" time="45.138" errors="0" timestamp="2025-09-20T11:26:43 MYT">
  <testcase classname="petstore.testcases.UserDataDriventests" name="testPostUser" time="4.707"/>
  <testcase classname="petstore.testcases.UserDataDriventests" name="testPostUser" time="1.575"/>
  <testcase classname="petstore.testcases.UserDataDriventests" name="testPostUser" time="2.05"/>
  <testcase classname="petstore.testcases.UserDataDriventests" name="testDeleteUserByName" time="1.654"/>
  <testcase classname="petstore.testcases.UserDataDriventests" name="testDeleteUserByName" time="1.53">
    <failure type="java.lang.AssertionError" message="expected [200] but found [404]">
      <![CDATA[java.lang.AssertionError: expected [200] but found [404]
at petstore.testcases.UserDataDriventests.testDeleteUserByName(UserDataDriventests.java:39)
at java.base/java.util.ArrayList.forEach(ArrayList.java:1597)
... Removed 35 stack frames]]>
    </failure>
  </testcase> <!-- testDeleteUserByName -->
  <testcase classname="petstore.testcases.UserDataDriventests" name="testDeleteUserByName" time="3.567"/>
  <testcase classname="petstore.testcases.StoreDataDriventests" name="testPostStoreOrder_DD" time="1.598"/>
  <testcase classname="petstore.testcases.StoreDataDriventests" name="testPostStoreOrder_DD" time="1.637"/>
  <testcase classname="petstore.testcases.StoreDataDriventests" name="testPostStoreOrder_DD" time="1.736"/>
  <testcase classname="petstore.testcases.StoreDataDriventests" name="testDeleteStoreOrderByID_DD" time="1.566"/>
  <testcase classname="petstore.testcases.StoreDataDriventests" name="testDeleteStoreOrderByID_DD" time="1.538"/>
  <testcase classname="petstore.testcases.StoreDataDriventests" name="testDeleteStoreOrderByID_DD" time="1.537"/>
  <testcase classname="petstore.testcases.StoreDataDriventests" name="testGetStoreOrderByID_DD_Negative" time="2.368"/>
  <testcase classname="petstore.testcases.StoreDataDriventests" name="testGetStoreOrderByID_DD_Negative" time="1.567"/>
  <testcase classname="petstore.testcases.StoreDataDriventests" name="testGetStoreOrderByID_DD_Negative" time="1.544"/>
  <testcase classname="petstore.testcases.Usertests" name="testCreateUser" time="3.62"/>
  <testcase classname="petstore.testcases.Storetests" name="testPostStoreOrder" time="3.974"/>
  <testcase classname="petstore.testcases.Storetests" name="testGetStoreOrder" time="1.579">
    <failure type="java.lang.AssertionError" message="expected [200] but found [404]">
      <![CDATA[java.lang.AssertionError: expected [200] but found [404]
at petstore.testcases.Storetests.testGetStoreOrder(Storetests.java:84)
at java.base/java.util.ArrayList.forEach(ArrayList.java:1597)
... Removed 35 stack frames]]>
    </failure>
  </testcase> <!-- testGetStoreOrder -->
  <testcase classname="petstore.testcases.Storetests" name="testDeleteStoreOrder" time="1.3">
    <failure type="java.lang.AssertionError" message="expected [200] but found [404]">
      <![CDATA[java.lang.AssertionError: expected [200] but found [404]
at petstore.testcases.Storetests.testDeleteStoreOrder(Storetests.java:108)
at java.base/java.util.ArrayList.forEach(ArrayList.java:1597)
... Removed 35 stack frames]]>
    </failure>
  </testcase> <!-- testDeleteStoreOrder -->
  <testcase classname="petstore.testcases.AuthenticationTests" name="testAuthentication" time="1.807"/>
  <testcase classname="petstore.testcases.AuthenticationTests" name="testApiKey" time="0.151"/>
</testsuite> <!-- Test -->
