<?xml version="1.0" encoding="UTF-8"?>
<testng-results ignored="0" total="3" passed="3" failed="0" skipped="0">
  <reporter-output>
  </reporter-output>
  <suite started-at="2025-09-15T11:28:57 MYT" name="Suite" finished-at="2025-09-15T11:29:08 MYT" duration-ms="11174">
    <groups>
    </groups>
    <test started-at="2025-09-15T11:28:57 MYT" name="Test" finished-at="2025-09-15T11:29:08 MYT" duration-ms="11174">
      <class name="petstore.testcases.Usertests2">
        <test-method is-config="true" signature="setUp()[pri:0, instance:petstore.testcases.Usertests2@72d1ad2e]" started-at="2025-09-15T11:28:57 MYT" name="setUp" finished-at="2025-09-15T11:28:58 MYT" duration-ms="833" status="PASS">
          <reporter-output>
          </reporter-output>
        </test-method> <!-- setUp -->
        <test-method signature="testCreateUser()[pri:1, instance:petstore.testcases.Usertests2@72d1ad2e]" started-at="2025-09-15T11:28:58 MYT" name="testCreateUser" finished-at="2025-09-15T11:29:04 MYT" duration-ms="5766" status="PASS">
          <reporter-output>
          </reporter-output>
        </test-method> <!-- testCreateUser -->
        <test-method signature="testGetUserByName()[pri:2, instance:petstore.testcases.Usertests2@72d1ad2e]" started-at="2025-09-15T11:29:04 MYT" name="testGetUserByName" finished-at="2025-09-15T11:29:05 MYT" duration-ms="1280" status="PASS">
          <reporter-output>
          </reporter-output>
        </test-method> <!-- testGetUserByName -->
        <test-method signature="testUpdateUserbyName()[pri:3, instance:petstore.testcases.Usertests2@72d1ad2e]" started-at="2025-09-15T11:29:05 MYT" name="testUpdateUserbyName" finished-at="2025-09-15T11:29:08 MYT" duration-ms="3030" status="PASS">
          <reporter-output>
          </reporter-output>
        </test-method> <!-- testUpdateUserbyName -->
      </class> <!-- petstore.testcases.Usertests2 -->
    </test> <!-- Test -->
  </suite> <!-- Suite -->
</testng-results>
