<?xml version="1.0" encoding="UTF-8"?>
<testng-results ignored="0" total="6" passed="6" failed="0" skipped="0">
  <reporter-output>
  </reporter-output>
  <suite started-at="2025-09-22T22:29:32 MYT" name="Default suite" finished-at="2025-09-22T22:29:47 MYT" duration-ms="15280">
    <groups>
    </groups>
    <test started-at="2025-09-22T22:29:32 MYT" name="Default test" finished-at="2025-09-22T22:29:47 MYT" duration-ms="15280">
      <class name="petstore.testcases.StoreDDTAndFileOperations">
        <test-method signature="testPostStoreOrder_DD(java.lang.String,java.lang.String,java.lang.String,java.lang.String,java.lang.String,java.lang.String)[pri:1, instance:petstore.testcases.StoreDDTAndFileOperations@7fe7c640]" started-at="2025-09-22T22:29:33 MYT" name="testPostStoreOrder_DD" data-provider="StoreData" finished-at="2025-09-22T22:29:37 MYT" duration-ms="3709" status="PASS">
          <params>
            <param index="0">
              <value>
                <![CDATA[2]]>
              </value>
            </param>
            <param index="1">
              <value>
                <![CDATA[12]]>
              </value>
            </param>
            <param index="2">
              <value>
                <![CDATA[22]]>
              </value>
            </param>
            <param index="3">
              <value>
                <![CDATA[Random]]>
              </value>
            </param>
            <param index="4">
              <value>
                <![CDATA[placed]]>
              </value>
            </param>
            <param index="5">
              <value>
                <![CDATA[true]]>
              </value>
            </param>
          </params>
          <reporter-output>
          </reporter-output>
        </test-method> <!-- testPostStoreOrder_DD -->
        <test-method signature="testPostStoreOrder_DD(java.lang.String,java.lang.String,java.lang.String,java.lang.String,java.lang.String,java.lang.String)[pri:1, instance:petstore.testcases.StoreDDTAndFileOperations@7fe7c640]" started-at="2025-09-22T22:29:37 MYT" name="testPostStoreOrder_DD" data-provider="StoreData" finished-at="2025-09-22T22:29:39 MYT" duration-ms="2648" status="PASS">
          <params>
            <param index="0">
              <value>
                <![CDATA[4]]>
              </value>
            </param>
            <param index="1">
              <value>
                <![CDATA[14]]>
              </value>
            </param>
            <param index="2">
              <value>
                <![CDATA[24]]>
              </value>
            </param>
            <param index="3">
              <value>
                <![CDATA[Random]]>
              </value>
            </param>
            <param index="4">
              <value>
                <![CDATA[placed]]>
              </value>
            </param>
            <param index="5">
              <value>
                <![CDATA[true]]>
              </value>
            </param>
          </params>
          <reporter-output>
          </reporter-output>
        </test-method> <!-- testPostStoreOrder_DD -->
        <test-method signature="testPostStoreOrder_DD(java.lang.String,java.lang.String,java.lang.String,java.lang.String,java.lang.String,java.lang.String)[pri:1, instance:petstore.testcases.StoreDDTAndFileOperations@7fe7c640]" started-at="2025-09-22T22:29:39 MYT" name="testPostStoreOrder_DD" data-provider="StoreData" finished-at="2025-09-22T22:29:41 MYT" duration-ms="1619" status="PASS">
          <params>
            <param index="0">
              <value>
                <![CDATA[6]]>
              </value>
            </param>
            <param index="1">
              <value>
                <![CDATA[16]]>
              </value>
            </param>
            <param index="2">
              <value>
                <![CDATA[26]]>
              </value>
            </param>
            <param index="3">
              <value>
                <![CDATA[Random]]>
              </value>
            </param>
            <param index="4">
              <value>
                <![CDATA[placed]]>
              </value>
            </param>
            <param index="5">
              <value>
                <![CDATA[true]]>
              </value>
            </param>
          </params>
          <reporter-output>
          </reporter-output>
        </test-method> <!-- testPostStoreOrder_DD -->
        <test-method signature="testGetStoreOrderByID_DD(java.lang.String)[pri:2, instance:petstore.testcases.StoreDDTAndFileOperations@7fe7c640]" started-at="2025-09-22T22:29:41 MYT" name="testGetStoreOrderByID_DD" data-provider="id" finished-at="2025-09-22T22:29:43 MYT" duration-ms="2185" status="PASS">
          <params>
            <param index="0">
              <value>
                <![CDATA[2]]>
              </value>
            </param>
          </params>
          <reporter-output>
          </reporter-output>
        </test-method> <!-- testGetStoreOrderByID_DD -->
        <test-method signature="testGetStoreOrderByID_DD(java.lang.String)[pri:2, instance:petstore.testcases.StoreDDTAndFileOperations@7fe7c640]" started-at="2025-09-22T22:29:43 MYT" name="testGetStoreOrderByID_DD" data-provider="id" finished-at="2025-09-22T22:29:45 MYT" duration-ms="2128" status="PASS">
          <params>
            <param index="0">
              <value>
                <![CDATA[4]]>
              </value>
            </param>
          </params>
          <reporter-output>
          </reporter-output>
        </test-method> <!-- testGetStoreOrderByID_DD -->
        <test-method signature="testGetStoreOrderByID_DD(java.lang.String)[pri:2, instance:petstore.testcases.StoreDDTAndFileOperations@7fe7c640]" started-at="2025-09-22T22:29:45 MYT" name="testGetStoreOrderByID_DD" data-provider="id" finished-at="2025-09-22T22:29:47 MYT" duration-ms="1533" status="PASS">
          <params>
            <param index="0">
              <value>
                <![CDATA[6]]>
              </value>
            </param>
          </params>
          <reporter-output>
          </reporter-output>
        </test-method> <!-- testGetStoreOrderByID_DD -->
      </class> <!-- petstore.testcases.StoreDDTAndFileOperations -->
    </test> <!-- Default test -->
  </suite> <!-- Default suite -->
</testng-results>
